[2015-11-07 12:34:58] START
[2015-11-07 12:39:51] EDIT LBox/models/db.py: 10
[2015-11-07 12:39:56] EDIT LBox/models/db.py: -10
[2015-11-07 12:40:05] EDIT LBox/models/db.py: 10
[2015-11-07 12:40:10] EDIT LBox/models/db.py: -10
[2015-11-07 12:55:32] EDIT LBox/models/db.py: -1
[2015-11-07 12:55:33] EDIT LBox/models/db.py: 0
[2015-11-07 12:55:37] EDIT LBox/models/db.py: 0
[2015-11-07 12:55:44] EDIT LBox/models/db.py: 0
[2015-11-14 17:41:03] EDIT Longboxes/controllers/default.py: 0
[2015-11-14 17:41:13] EDIT Longboxes/controllers/default.py: 0
[2015-11-14 17:41:14] EDIT Longboxes/controllers/default.py: 0
[2015-11-14 17:41:16] EDIT Longboxes/controllers/default.py: 0
[2015-11-14 17:41:23] EDIT Longboxes/controllers/default.py: 0
[2015-11-14 17:41:24] EDIT Longboxes/controllers/default.py: 0
[2015-11-14 17:41:26] EDIT Longboxes/controllers/default.py: 0
[2015-11-14 17:41:36] EDIT Longboxes/controllers/default.py: -2
[2015-11-14 17:41:48] EDIT Longboxes/controllers/default.py: 0
[2015-11-14 17:41:59] EDIT Longboxes/controllers/default.py: 2
[2015-11-14 17:42:01] EDIT Longboxes/controllers/default.py: 0
[2015-11-14 17:42:02] EDIT Longboxes/controllers/default.py: 0
[2015-11-14 17:42:08] EDIT Longboxes/controllers/default.py: 0
[2015-11-14 17:42:09] EDIT Longboxes/controllers/default.py: 0
[2015-11-14 17:42:09] EDIT Longboxes/controllers/default.py: 0
[2015-11-14 17:42:15] EDIT Longboxes/controllers/default.py: 0
[2015-11-14 17:42:26] EDIT Longboxes/controllers/default.py: 0
[2015-11-14 17:42:50] EDIT Longboxes/controllers/default.py: 0
[2015-11-14 17:42:51] EDIT Longboxes/controllers/default.py: 0
[2015-11-14 17:42:55] EDIT Longboxes/controllers/default.py: 0
[2015-11-14 17:42:56] EDIT Longboxes/controllers/default.py: 0
[2015-11-14 17:42:57] EDIT Longboxes/controllers/default.py: 0
[2015-11-14 17:42:58] EDIT Longboxes/controllers/default.py: 0
[2015-11-14 17:43:01] EDIT Longboxes/controllers/default.py: 0
[2015-11-14 17:43:08] EDIT Longboxes/controllers/default.py: 0
[2015-11-14 17:44:05] EDIT Longboxes/controllers/default.py: 0
[2015-11-14 17:44:06] EDIT Longboxes/controllers/default.py: 0
[2015-11-14 17:44:31] EDIT Longboxes/controllers/default.py: 0
[2015-11-14 17:46:09] EDIT Longboxes/controllers/default.py: 0
[2015-11-14 17:47:02] EDIT Longboxes/controllers/default.py: 0
[2015-11-14 17:47:03] EDIT Longboxes/controllers/default.py: 0
[2015-11-14 17:48:28] EDIT Longboxes/controllers/default.py: 0
[2015-11-14 17:49:53] EDIT Longboxes/controllers/default.py: 0
[2015-11-14 17:50:00] EDIT Longboxes/controllers/default.py: 0
[2015-11-14 17:50:02] EDIT Longboxes/controllers/default.py: 0
[2015-11-14 17:50:09] EDIT Longboxes/controllers/default.py: 0
[2015-11-14 17:50:10] EDIT Longboxes/controllers/default.py: 0
[2015-11-14 17:50:11] EDIT Longboxes/controllers/default.py: 0
[2015-11-14 17:50:12] EDIT Longboxes/controllers/default.py: 0
[2015-11-14 17:50:37] EDIT Longboxes/controllers/default.py: 0
[2015-11-14 17:50:40] EDIT Longboxes/controllers/default.py: 0
[2015-11-14 17:50:45] EDIT Longboxes/controllers/default.py: 0
[2015-11-14 17:50:49] EDIT Longboxes/controllers/default.py: 0
[2015-11-14 17:50:51] EDIT Longboxes/controllers/default.py: 0
[2015-11-14 17:50:57] EDIT Longboxes/controllers/default.py: 0
[2015-11-14 17:51:13] EDIT Longboxes/controllers/default.py: 0
[2015-11-14 17:51:13] EDIT Longboxes/controllers/default.py: 0
[2015-11-14 17:51:20] EDIT Longboxes/controllers/default.py: 0
[2015-11-14 17:51:20] EDIT Longboxes/controllers/default.py: 0
[2015-11-14 17:51:21] EDIT Longboxes/controllers/default.py: 0
[2015-11-14 17:51:29] EDIT Longboxes/controllers/default.py: 0
[2015-11-14 17:51:35] EDIT Longboxes/controllers/default.py: 0
[2015-11-14 17:51:44] EDIT Longboxes/controllers/default.py: 0
[2015-11-14 17:51:55] EDIT Longboxes/controllers/default.py: 0
[2015-11-14 17:51:56] EDIT Longboxes/controllers/default.py: 0
[2015-11-14 17:51:56] EDIT Longboxes/controllers/default.py: 0
[2015-11-14 17:52:07] EDIT Longboxes/controllers/default.py: 0
[2015-11-14 17:52:10] EDIT Longboxes/controllers/default.py: 0
[2015-11-14 17:52:16] EDIT Longboxes/controllers/default.py: 0
[2015-11-14 17:52:22] EDIT Longboxes/controllers/default.py: 0
[2015-11-14 17:52:23] EDIT Longboxes/controllers/default.py: 0
[2015-11-14 17:52:24] EDIT Longboxes/controllers/default.py: 0
[2015-11-14 17:52:32] EDIT Longboxes/controllers/default.py: 0
[2015-11-14 17:52:35] EDIT Longboxes/controllers/default.py: 0
[2015-11-14 17:52:35] EDIT Longboxes/controllers/default.py: 0
[2015-11-14 17:52:43] EDIT Longboxes/controllers/default.py: 0
[2015-11-14 17:52:46] EDIT Longboxes/controllers/default.py: 0
[2015-11-14 17:52:47] EDIT Longboxes/controllers/default.py: 0
[2015-11-14 17:52:52] EDIT Longboxes/controllers/default.py: 0
[2015-11-14 17:52:54] EDIT Longboxes/controllers/default.py: 0
[2015-11-14 17:53:02] EDIT Longboxes/controllers/default.py: 0
[2015-11-14 17:53:29] EDIT Longboxes/controllers/default.py: 0
[2015-11-14 17:53:30] EDIT Longboxes/controllers/default.py: 0
[2015-11-14 17:53:31] EDIT Longboxes/controllers/default.py: 0
[2015-11-14 17:53:32] EDIT Longboxes/controllers/default.py: 0
[2015-11-15 13:36:00] EDIT Longboxes/controllers/default.py: 0
[2015-11-15 13:36:02] EDIT Longboxes/controllers/default.py: 0
[2015-11-15 13:36:05] EDIT Longboxes/controllers/default.py: 0
[2015-11-15 13:36:07] EDIT Longboxes/controllers/default.py: 0
[2015-11-15 13:36:20] EDIT Longboxes/controllers/default.py: 0
[2015-11-15 13:36:21] EDIT Longboxes/controllers/default.py: 0
[2015-11-15 13:36:22] EDIT Longboxes/controllers/default.py: 0
