timestamp: 2015-11-20T10:28:26.941931
CREATE TABLE auth_user(
    id INTEGER PRIMARY KEY AUTOINCREMENT,
    first_name CHAR(128),
    last_name CHAR(128),
    email CHAR(512),
    password CHAR(512),
    registration_key CHAR(512),
    reset_password_key CHAR(512),
    registration_id CHAR(512)
);
success!
timestamp: 2015-11-20T10:28:27.065408
CREATE TABLE auth_group(
    id INTEGER PRIMARY KEY AUTOINCREMENT,
    role CHAR(512),
    description TEXT
);
success!
timestamp: 2015-11-20T10:28:27.168869
CREATE TABLE auth_membership(
    id INTEGER PRIMARY KEY AUTOINCREMENT,
    user_id INTEGER REFERENCES auth_user (id) ON DELETE CASCADE  ,
    group_id INTEGER REFERENCES auth_group (id) ON DELETE CASCADE  
);
success!
timestamp: 2015-11-20T10:28:27.293181
CREATE TABLE auth_permission(
    id INTEGER PRIMARY KEY AUTOINCREMENT,
    group_id INTEGER REFERENCES auth_group (id) ON DELETE CASCADE  ,
    name CHAR(512),
    table_name CHAR(512),
    record_id INTEGER
);
success!
timestamp: 2015-11-20T10:28:27.463116
CREATE TABLE auth_event(
    id INTEGER PRIMARY KEY AUTOINCREMENT,
    time_stamp TIMESTAMP,
    client_ip CHAR(512),
    user_id INTEGER REFERENCES auth_user (id) ON DELETE CASCADE  ,
    origin CHAR(512),
    description TEXT
);
success!
timestamp: 2015-11-20T10:28:27.588770
CREATE TABLE auth_cas(
    id INTEGER PRIMARY KEY AUTOINCREMENT,
    user_id INTEGER REFERENCES auth_user (id) ON DELETE CASCADE  ,
    created_on TIMESTAMP,
    service CHAR(512),
    ticket CHAR(512),
    renew CHAR(1)
);
success!
timestamp: 2015-11-20T10:28:27.722984
CREATE TABLE authors(
    id INTEGER PRIMARY KEY AUTOINCREMENT,
    full_name CHAR(512),
    type CHAR(512)
);
success!
timestamp: 2015-11-20T10:28:27.892049
CREATE TABLE users(
    id INTEGER PRIMARY KEY AUTOINCREMENT,
    username CHAR(512),
    password CHAR(512)
);
success!
timestamp: 2015-11-20T10:28:28.052349
CREATE TABLE boxes(
    id INTEGER PRIMARY KEY AUTOINCREMENT,
    owner_id INTEGER,
    title CHAR(512),
    date_created TIMESTAMP,
    is_public CHAR(1)
);
success!
timestamp: 2015-11-20T10:28:28.166783
CREATE TABLE comics(
    id INTEGER PRIMARY KEY AUTOINCREMENT,
    title CHAR(512),
    issue_number INTEGER,
    publisher CHAR(512),
    short_description TEXT,
    image CHAR(512)
);
success!
timestamp: 2015-11-20T10:28:28.278638
CREATE TABLE comic_authors(
    id INTEGER PRIMARY KEY AUTOINCREMENT,
    comic_id INTEGER,
    author_id INTEGER
);
success!
timestamp: 2015-11-20T10:28:28.402269
CREATE TABLE box_contents(
    id INTEGER PRIMARY KEY AUTOINCREMENT,
    box_id INTEGER,
    comic_id INTEGER
);
success!
